<?xml version="1.0" encoding="UTF-8"?>
<testsuite xmlns:xsi="http://www.w3.org/2001/XMLSchema-instance" xsi:noNamespaceSchemaLocation="https://maven.apache.org/surefire/maven-surefire-plugin/xsd/surefire-test-report-3.0.xsd" version="3.0" name="com.example.FactorialCalculatorTest" time="0.132" tests="32" errors="0" skipped="0" failures="0">
  <properties>
[...]
</properties>
  <testcase name="testFactorialNumeroGrande" classname="com.example.FactorialCalculatorTest" time="0.05"/>
  <testcase name="testMultiplicarPositivoPorNegativo" classname="com.example.FactorialCalculatorTest" time="0.001"/>
  <testcase name="testMultiplicarPorCero" classname="com.example.FactorialCalculatorTest" time="0.0"/>
  <testcase name="testFactorialEdgeCase" classname="com.example.FactorialCalculatorTest" time="0.011"/>
  <testcase name="testMultiplicarDosPorDos" classname="com.example.FactorialCalculatorTest" time="0.0"/>
  <testcase name="testFactorialDeCinco" classname="com.example.FactorialCalculatorTest" time="0.001"/>
  <testcase name="testFactorialDeNueve" classname="com.example.FactorialCalculatorTest" time="0.001"/>
  <testcase name="testFactorialDeSiete" classname="com.example.FactorialCalculatorTest" time="0.001"/>
  <testcase name="testFactorialDeTrece" classname="com.example.FactorialCalculatorTest" time="0.0"/>
  <testcase name="testMultiplicarCeroPorCero" classname="com.example.FactorialCalculatorTest" time="0.001"/>
  <testcase name="testMultiplicarMaximoValor" classname="com.example.FactorialCalculatorTest" time="0.001"/>
  <testcase name="testFactorialDeDos" classname="com.example.FactorialCalculatorTest" time="0.002"/>
  <testcase name="testFactorialDeUno" classname="com.example.FactorialCalculatorTest" time="0.0"/>
  <testcase name="testMultiplicarNumerosNegativos" classname="com.example.FactorialCalculatorTest" time="0.001"/>
  <testcase name="testMultiplicarNegativos" classname="com.example.FactorialCalculatorTest" time="0.002"/>
  <testcase name="testMultiplicarSimetria" classname="com.example.FactorialCalculatorTest" time="0.001"/>
  <testcase name="testMultiplicarUnoPorCero" classname="com.example.FactorialCalculatorTest" time="0.0"/>
  <testcase name="testMultiplicarDiezPorDiez" classname="com.example.FactorialCalculatorTest" time="0.001"/>
  <testcase name="testFactorialDeCatorce" classname="com.example.FactorialCalculatorTest" time="0.001"/>
  <testcase name="testMultiplicarNumerosGrandes" classname="com.example.FactorialCalculatorTest" time="0.001"/>
  <testcase name="testFactorialDeCuatro" classname="com.example.FactorialCalculatorTest" time="0.001"/>
  <testcase name="testMultiplicarPorUno" classname="com.example.FactorialCalculatorTest" time="0.0"/>
  <testcase name="testFactorialDeQuince" classname="com.example.FactorialCalculatorTest" time="0.001"/>
  <testcase name="testFactorialDeVeinte" classname="com.example.FactorialCalculatorTest" time="0.001"/>
  <testcase name="testMultiplicarNegativoPorPositivo" classname="com.example.FactorialCalculatorTest" time="0.001"/>
  <testcase name="testFactorialDeCero" classname="com.example.FactorialCalculatorTest" time="0.001"/>
  <testcase name="testFactorialDeDiez" classname="com.example.FactorialCalculatorTest" time="0.001"/>
  <testcase name="testFactorialDeDoce" classname="com.example.FactorialCalculatorTest" time="0.001"/>
  <testcase name="testFactorialDeOcho" classname="com.example.FactorialCalculatorTest" time="0.001"/>
  <testcase name="testFactorialDeSeis" classname="com.example.FactorialCalculatorTest" time="0.001"/>
  <testcase name="testFactorialDeTres" classname="com.example.FactorialCalculatorTest" time="0.0"/>
  <testcase name="testFactorialNegativo" classname="com.example.FactorialCalculatorTest" time="0.001"/>
</testsuite>